0 verbose cli /usr/local/bin/node /usr/local/bin/npm
1 info using npm@11.12.0
2 info using node@v22.22.1
3 silly config load:file:/usr/local/lib/node_modules/npm/npmrc
4 silly config load:file:/home/container/.npmrc
5 silly config load:file:/usr/local/etc/npmrc
6 verbose title npm install discord.js
7 verbose argv "install" "discord.js"
8 verbose logfile logs-max:10 dir:/home/container/.npm/_logs/2026-04-01T18_12_40_167Z-
9 verbose logfile /home/container/.npm/_logs/2026-04-01T18_12_40_167Z-debug-0.log
10 silly logfile start cleaning logs, removing 1 files
11 silly packumentCache heap:321388544 maxSize:80347136 maxEntrySize:40173568
12 silly logfile done cleaning log files
13 silly idealTree buildDeps
14 silly fetch manifest discord.js@^14.25.1
15 silly packumentCache full:https://registry.npmjs.org/discord.js cache-miss
16 http fetch GET 200 https://registry.npmjs.org/npm 1425ms
17 http fetch GET 200 https://registry.npmjs.org/discord.js 2104ms (cache updated)
18 silly packumentCache full:https://registry.npmjs.org/discord.js set size:undefined disposed:false
19 silly placeDep ROOT discord.js@14.26.0 REPLACE for: quotes-bot@1.0.0 want: ^14.25.1
20 silly fetch manifest undici@6.24.1
21 silly packumentCache full:https://registry.npmjs.org/undici cache-miss
22 http fetch GET 200 https://registry.npmjs.org/undici 299ms (cache miss)
23 silly packumentCache full:https://registry.npmjs.org/undici set size:undefined disposed:false
24 silly fetch manifest magic-bytes.js@^1.13.0
25 silly packumentCache full:https://registry.npmjs.org/magic-bytes.js cache-miss
26 http fetch GET 200 https://registry.npmjs.org/magic-bytes.js 322ms (cache miss)
27 silly packumentCache full:https://registry.npmjs.org/magic-bytes.js set size:undefined disposed:false
28 silly fetch manifest @discordjs/rest@^2.6.1
29 silly packumentCache full:https://registry.npmjs.org/@discordjs%2frest cache-miss
30 http fetch GET 200 https://registry.npmjs.org/@discordjs%2frest 1423ms (cache miss)
31 silly packumentCache full:https://registry.npmjs.org/@discordjs%2frest set size:undefined disposed:false
32 silly fetch manifest discord-api-types@^0.38.40
33 silly packumentCache full:https://registry.npmjs.org/discord-api-types cache-miss
34 http fetch GET 200 https://registry.npmjs.org/discord-api-types 943ms (cache miss)
35 silly packumentCache full:https://registry.npmjs.org/discord-api-types set size:undefined disposed:false
36 silly fetch manifest @discordjs/builders@^1.14.0
37 silly packumentCache full:https://registry.npmjs.org/@discordjs%2fbuilders cache-miss
38 http fetch GET 200 https://registry.npmjs.org/@discordjs%2fbuilders 760ms (cache miss)
39 silly packumentCache full:https://registry.npmjs.org/@discordjs%2fbuilders set size:undefined disposed:false
40 silly fetch manifest @discordjs/formatters@^0.6.2
41 silly packumentCache full:https://registry.npmjs.org/@discordjs%2fformatters cache-miss
42 http fetch GET 200 https://registry.npmjs.org/@discordjs%2fformatters 511ms (cache miss)
43 silly packumentCache full:https://registry.npmjs.org/@discordjs%2fformatters set size:undefined disposed:false
44 silly placeDep ROOT @discordjs/builders@1.14.1 OK for: discord.js@14.26.0 want: ^1.14.0
45 silly placeDep ROOT @discordjs/formatters@0.6.2 OK for: discord.js@14.26.0 want: ^0.6.2
46 silly placeDep ROOT @discordjs/rest@2.6.1 REPLACE for: discord.js@14.26.0 want: ^2.6.1
47 silly placeDep ROOT discord-api-types@0.38.43 REPLACE for: discord.js@14.26.0 want: ^0.38.40
48 silly placeDep ROOT magic-bytes.js@1.13.0 OK for: discord.js@14.26.0 want: ^1.13.0
49 silly placeDep ROOT undici@6.24.1 OK for: discord.js@14.26.0 want: 6.24.1
50 silly fetch manifest ts-mixer@^6.0.4
51 silly packumentCache full:https://registry.npmjs.org/ts-mixer cache-miss
52 http fetch GET 200 https://registry.npmjs.org/ts-mixer 209ms (cache miss)
53 silly packumentCache full:https://registry.npmjs.org/ts-mixer set size:undefined disposed:false
54 silly fetch manifest @sapphire/shapeshift@^4.0.0
55 silly packumentCache full:https://registry.npmjs.org/@sapphire%2fshapeshift cache-miss
56 http fetch GET 200 https://registry.npmjs.org/@sapphire%2fshapeshift 417ms (cache miss)
57 silly packumentCache full:https://registry.npmjs.org/@sapphire%2fshapeshift set size:undefined disposed:false
58 silly fetch manifest @sapphire/snowflake@^3.5.5
59 silly packumentCache full:https://registry.npmjs.org/@sapphire%2fsnowflake cache-miss
60 http fetch GET 200 https://registry.npmjs.org/@sapphire%2fsnowflake 552ms (cache miss)
61 silly packumentCache full:https://registry.npmjs.org/@sapphire%2fsnowflake set size:undefined disposed:false
62 silly placeDep ROOT @sapphire/shapeshift@4.0.0 OK for: @discordjs/builders@1.14.1 want: ^4.0.0
63 silly placeDep ROOT ts-mixer@6.0.4 OK for: @discordjs/builders@1.14.1 want: ^6.0.4
64 silly fetch manifest lodash@^4.17.21
65 silly packumentCache full:https://registry.npmjs.org/lodash cache-miss
66 http fetch GET 200 https://registry.npmjs.org/lodash 274ms (cache miss)
67 silly packumentCache full:https://registry.npmjs.org/lodash set size:undefined disposed:false
68 silly placeDep node_modules/@discordjs/rest @sapphire/snowflake@3.5.5 OK for: @discordjs/rest@2.6.1 want: ^3.5.5
69 silly placeDep ROOT lodash@4.17.23 OK for: @sapphire/shapeshift@4.0.0 want: ^4.17.21
70 silly reify mark retired [ '/home/container/node_modules/@discordjs/builders' ]
71 silly reify mark retired [ '/home/container/node_modules/@discordjs/rest' ]
72 silly reify mark retired [ '/home/container/node_modules/discord-api-types' ]
73 silly reify mark retired [ '/home/container/node_modules/discord.js' ]
74 silly reify mark retired [ '/home/container/node_modules/lodash' ]
75 silly reify mark retired [ '/home/container/node_modules/magic-bytes.js' ]
76 silly reify mark retired [ '/home/container/node_modules/undici' ]
77 silly reify moves {
77 silly reify   '/home/container/node_modules/@discordjs/builders': '/home/container/node_modules/@discordjs/.builders-0rURmu76',
77 silly reify   '/home/container/node_modules/@discordjs/rest': '/home/container/node_modules/@discordjs/.rest-h26io728',
77 silly reify   '/home/container/node_modules/discord-api-types': '/home/container/node_modules/.discord-api-types-mSRmK4Q8',
77 silly reify   '/home/container/node_modules/discord.js': '/home/container/node_modules/.discord.js-PAVAWahc',
77 silly reify   '/home/container/node_modules/lodash': '/home/container/node_modules/.lodash-w7SdlPoO',
77 silly reify   '/home/container/node_modules/magic-bytes.js': '/home/container/node_modules/.magic-bytes.js-qhKhWEeS',
77 silly reify   '/home/container/node_modules/undici': '/home/container/node_modules/.undici-QozVw7D5'
77 silly reify }
78 silly audit bulk request {
78 silly audit   '@discordjs/collection': [ '1.5.3', '2.1.1' ],
78 silly audit   '@discordjs/util': [ '1.2.0' ],
78 silly audit   '@discordjs/ws': [ '1.2.3' ],
78 silly audit   '@eslint-community/eslint-utils': [ '4.9.0' ],
78 silly audit   'eslint-visitor-keys': [ '3.4.3', '4.2.1' ],
78 silly audit   '@eslint-community/regexpp': [ '4.12.2' ],
78 silly audit   '@eslint/config-array': [ '0.21.1' ],
78 silly audit   '@eslint/config-helpers': [ '0.4.2' ],
78 silly audit   '@eslint/core': [ '0.17.0' ],
78 silly audit   '@eslint/eslintrc': [ '3.3.3' ],
78 silly audit   '@eslint/js': [ '9.39.1' ],
78 silly audit   '@eslint/object-schema': [ '2.1.7' ],
78 silly audit   '@eslint/plugin-kit': [ '0.4.1' ],
78 silly audit   '@humanfs/core': [ '0.19.1' ],
78 silly audit   '@humanfs/node': [ '0.16.7' ],
78 silly audit   '@humanwhocodes/module-importer': [ '1.0.1' ],
78 silly audit   '@humanwhocodes/retry': [ '0.4.3' ],
78 silly audit   '@sapphire/async-queue': [ '1.5.5' ],
78 silly audit   '@sapphire/snowflake': [ '3.5.3', '3.5.5' ],
78 silly audit   '@types/estree': [ '1.0.8' ],
78 silly audit   '@types/json-schema': [ '7.0.15' ],
78 silly audit   '@types/node': [ '24.10.1' ],
78 silly audit   '@types/ws': [ '8.18.1' ],
78 silly audit   '@vladfrangu/async_event_emitter': [ '2.4.7' ],
78 silly audit   acorn: [ '8.15.0' ],
78 silly audit   'acorn-jsx': [ '5.3.2' ],
78 silly audit   ajv: [ '6.12.6' ],
78 silly audit   'ansi-styles': [ '4.3.0' ],
78 silly audit   argparse: [ '2.0.1' ],
78 silly audit   'balanced-match': [ '1.0.2' ],
78 silly audit   'brace-expansion': [ '1.1.12' ],
78 silly audit   callsites: [ '3.1.0' ],
78 silly audit   chalk: [ '4.1.2' ],
78 silly audit   'color-convert': [ '2.0.1' ],
78 silly audit   'color-name': [ '1.1.4' ],
78 silly audit   'concat-map': [ '0.0.1' ],
78 silly audit   'cross-spawn': [ '7.0.6' ],
78 silly audit   debug: [ '4.4.3' ],
78 silly audit   'deep-is': [ '0.1.4' ],
78 silly audit   'escape-string-regexp': [ '4.0.0' ],
78 silly audit   eslint: [ '9.39.1' ],
78 silly audit   'eslint-scope': [ '8.4.0' ],
78 silly audit   espree: [ '10.4.0' ],
78 silly audit   esquery: [ '1.6.0' ],
78 silly audit   esrecurse: [ '4.3.0' ],
78 silly audit   estraverse: [ '5.3.0' ],
78 silly audit   esutils: [ '2.0.3' ],
78 silly audit   'fast-deep-equal': [ '3.1.3' ],
78 silly audit   'fast-json-stable-stringify': [ '2.1.0' ],
78 silly audit   'fast-levenshtein': [ '2.0.6' ],
78 silly audit   'file-entry-cache': [ '8.0.0' ],
78 silly audit   'find-up': [ '5.0.0' ],
78 silly audit   'flat-cache': [ '4.0.1' ],
78 silly audit   flatted: [ '3.3.3' ],
78 silly audit   'glob-parent': [ '6.0.2' ],
78 silly audit   globals: [ '14.0.0' ],
78 silly audit   'has-flag': [ '4.0.0' ],
78 silly audit   ignore: [ '5.3.2' ],
78 silly audit   'import-fresh': [ '3.3.1' ],
78 silly audit   imurmurhash: [ '0.1.4' ],
78 silly audit   'is-extglob': [ '2.1.1' ],
78 silly audit   'is-glob': [ '4.0.3' ],
78 silly audit   isexe: [ '2.0.0' ],
78 silly audit   'js-yaml': [ '4.1.1' ],
78 silly audit   'json-buffer': [ '3.0.1' ],
78 silly audit   'json-schema-traverse': [ '0.4.1' ],
78 silly audit   'json-stable-stringify-without-jsonify': [ '1.0.1' ],
78 silly audit   keyv: [ '4.5.4' ],
78 silly audit   levn: [ '0.4.1' ],
78 silly audit   'locate-path': [ '6.0.0' ],
78 silly audit   'lodash.merge': [ '4.6.2' ],
78 silly audit   'lodash.snakecase': [ '4.1.1' ],
78 silly audit   minimatch: [ '3.1.2' ],
78 silly audit   ms: [ '2.1.3' ],
78 silly audit   'natural-compare': [ '1.4.0' ],
78 silly audit   optionator: [ '0.9.4' ],
78 silly audit   'p-limit': [ '3.1.0' ],
78 silly audit   'p-locate': [ '5.0.0' ],
78 silly audit   'parent-module': [ '1.0.1' ],
78 silly audit   'path-exists': [ '4.0.0' ],
78 silly audit   'path-key': [ '3.1.1' ],
78 silly audit   'prelude-ls': [ '1.2.1' ],
78 silly audit   punycode: [ '2.3.1' ],
78 silly audit   'resolve-from': [ '4.0.0' ],
78 silly audit   'shebang-command': [ '2.0.0' ],
78 silly audit   'shebang-regex': [ '3.0.0' ],
78 silly audit   'strip-json-comments': [ '3.1.1' ],
78 silly audit   'supports-color': [ '7.2.0' ],
78 silly audit   tslib: [ '2.8.1' ],
78 silly audit   'type-check': [ '0.4.0' ],
78 silly audit   'undici-types': [ '7.16.0' ],
78 silly audit   'uri-js': [ '4.4.1' ],
78 silly audit   which: [ '2.0.2' ],
78 silly audit   'word-wrap': [ '1.2.5' ],
78 silly audit   ws: [ '8.18.3' ],
78 silly audit   'yocto-queue': [ '0.1.0' ],
78 silly audit   'discord.js': [ '14.26.0' ],
78 silly audit   '@discordjs/builders': [ '1.14.1' ],
78 silly audit   '@discordjs/formatters': [ '0.6.2' ],
78 silly audit   '@discordjs/rest': [ '2.6.1' ],
78 silly audit   'discord-api-types': [ '0.38.43' ],
78 silly audit   'magic-bytes.js': [ '1.13.0' ],
78 silly audit   undici: [ '6.24.1' ],
78 silly audit   '@sapphire/shapeshift': [ '4.0.0' ],
78 silly audit   'ts-mixer': [ '6.0.4' ],
78 silly audit   lodash: [ '4.17.23' ]
78 silly audit }
79 http cache undici@https://registry.npmjs.org/undici/-/undici-6.24.1.tgz 0ms (cache hit)
80 http cache discord.js@https://registry.npmjs.org/discord.js/-/discord.js-14.26.0.tgz 0ms (cache hit)
81 http cache lodash@https://registry.npmjs.org/lodash/-/lodash-4.17.23.tgz 0ms (cache hit)
82 http cache discord-api-types@https://registry.npmjs.org/discord-api-types/-/discord-api-types-0.38.43.tgz 0ms (cache hit)
83 http cache magic-bytes.js@https://registry.npmjs.org/magic-bytes.js/-/magic-bytes.js-1.13.0.tgz 0ms (cache hit)
84 http cache @discordjs/rest@https://registry.npmjs.org/@discordjs/rest/-/rest-2.6.1.tgz 0ms (cache hit)
85 http cache @discordjs/builders@https://registry.npmjs.org/@discordjs/builders/-/builders-1.14.1.tgz 0ms (cache hit)
86 http cache @sapphire/snowflake@https://registry.npmjs.org/@sapphire/snowflake/-/snowflake-3.5.5.tgz 0ms (cache hit)
87 silly tarball no local data for undici@https://registry.npmjs.org/undici/-/undici-6.24.1.tgz. Extracting by manifest.
88 silly tarball no local data for discord.js@https://registry.npmjs.org/discord.js/-/discord.js-14.26.0.tgz. Extracting by manifest.
89 silly tarball no local data for lodash@https://registry.npmjs.org/lodash/-/lodash-4.17.23.tgz. Extracting by manifest.
90 silly tarball no local data for discord-api-types@https://registry.npmjs.org/discord-api-types/-/discord-api-types-0.38.43.tgz. Extracting by manifest.
91 silly tarball no local data for magic-bytes.js@https://registry.npmjs.org/magic-bytes.js/-/magic-bytes.js-1.13.0.tgz. Extracting by manifest.
92 silly tarball no local data for @discordjs/rest@https://registry.npmjs.org/@discordjs/rest/-/rest-2.6.1.tgz. Extracting by manifest.
93 silly tarball no local data for @discordjs/builders@https://registry.npmjs.org/@discordjs/builders/-/builders-1.14.1.tgz. Extracting by manifest.
94 silly tarball no local data for @sapphire/snowflake@https://registry.npmjs.org/@sapphire/snowflake/-/snowflake-3.5.5.tgz. Extracting by manifest.
95 http fetch POST 200 https://registry.npmjs.org/-/npm/v1/security/advisories/bulk 292ms
96 silly audit report {
96 silly audit report   ajv: [
96 silly audit report     {
96 silly audit report       id: 1113714,
96 silly audit report       url: 'https://github.com/advisories/GHSA-2g4f-4pwh-qvx6',
96 silly audit report       title: 'ajv has ReDoS when using `$data` option',
96 silly audit report       severity: 'moderate',
96 silly audit report       vulnerable_versions: '<6.14.0',
96 silly audit report       cwe: [Array],
96 silly audit report       cvss: [Object]
96 silly audit report     }
96 silly audit report   ],
96 silly audit report   'brace-expansion': [
96 silly audit report     {
96 silly audit report       id: 1115540,
96 silly audit report       url: 'https://github.com/advisories/GHSA-f886-m6hf-6m8v',
96 silly audit report       title: 'brace-expansion: Zero-step sequence causes process hang and memory exhaustion',
96 silly audit report       severity: 'moderate',
96 silly audit report       vulnerable_versions: '<1.1.13',
96 silly audit report       cwe: [Array],
96 silly audit report       cvss: [Object]
96 silly audit report     }
96 silly audit report   ],
96 silly audit report   flatted: [
96 silly audit report     {
96 silly audit report       id: 1114526,
96 silly audit report       url: 'https://github.com/advisories/GHSA-25h7-pfq9-p65f',
96 silly audit report       title: 'flatted vulnerable to unbounded recursion DoS in parse() revive phase',
96 silly audit report       severity: 'high',
96 silly audit report       vulnerable_versions: '<3.4.0',
96 silly audit report       cwe: [Array],
96 silly audit report       cvss: [Object]
96 silly audit report     },
96 silly audit report     {
96 silly audit report       id: 1115357,
96 silly audit report       url: 'https://github.com/advisories/GHSA-rf6f-7fwh-wjgh',
96 silly audit report       title: 'Prototype Pollution via parse() in NodeJS flatted',
96 silly audit report       severity: 'high',
96 silly audit report       vulnerable_versions: '<=3.4.1',
96 silly audit report       cwe: [Array],
96 silly audit report       cvss: [Object]
96 silly audit report     }
96 silly audit report   ],
96 silly audit report   minimatch: [
96 silly audit report     {
96 silly audit report       id: 1113459,
96 silly audit report       url: 'https://github.com/advisories/GHSA-3ppc-4f35-3m26',
96 silly audit report       title: 'minimatch has a ReDoS via repeated wildcards with non-matching literal in pattern',
96 silly audit report       severity: 'high',
96 silly audit report       vulnerable_versions: '<3.1.3',
96 silly audit report       cwe: [Array],
96 silly audit report       cvss: [Object]
96 silly audit report     },
96 silly audit report     {
96 silly audit report       id: 1113538,
96 silly audit report       url: 'https://github.com/advisories/GHSA-7r86-cg39-jmmj',
96 silly audit report       title: 'minimatch has ReDoS: matchOne() combinatorial backtracking via multiple non-adjacent GLOBSTAR segments',
96 silly audit report       severity: 'high',
96 silly audit report       vulnerable_versions: '<3.1.3',
96 silly audit report       cwe: [Array],
96 silly audit report       cvss: [Object]
96 silly audit report     },
96 silly audit report     {
96 silly audit report       id: 1113546,
96 silly audit report       url: 'https://github.com/advisories/GHSA-23c5-xmqv-rm74',
96 silly audit report       title: 'minimatch ReDoS: nested *() extglobs generate catastrophically backtracking regular expressions',
96 silly audit report       severity: 'high',
96 silly audit report       vulnerable_versions: '<3.1.4',
96 silly audit report       cwe: [Array],
96 silly audit report       cvss: [Object]
96 silly audit report     }
96 silly audit report   ]
96 silly audit report }
97 silly packumentCache corgi:https://registry.npmjs.org/ajv cache-miss
98 silly packumentCache corgi:https://registry.npmjs.org/brace-expansion cache-miss
99 silly packumentCache corgi:https://registry.npmjs.org/flatted cache-miss
100 silly packumentCache corgi:https://registry.npmjs.org/minimatch cache-miss
101 http fetch GET 200 https://registry.npmjs.org/brace-expansion 1005ms (cache miss)
102 silly packumentCache corgi:https://registry.npmjs.org/brace-expansion set size:undefined disposed:false
103 http fetch GET 200 https://registry.npmjs.org/ajv 1291ms (cache revalidated)
104 silly packumentCache corgi:https://registry.npmjs.org/ajv set size:464537 disposed:false
105 http fetch GET 200 https://registry.npmjs.org/flatted 1393ms (cache revalidated)
106 silly packumentCache corgi:https://registry.npmjs.org/flatted set size:57858 disposed:false
107 http fetch GET 200 https://registry.npmjs.org/minimatch 2066ms (cache updated)
108 silly packumentCache corgi:https://registry.npmjs.org/minimatch set size:undefined disposed:false
109 silly packumentCache corgi:https://registry.npmjs.org/@eslint%2feslintrc cache-miss
110 silly packumentCache corgi:https://registry.npmjs.org/eslint cache-miss
111 http fetch GET 200 https://registry.npmjs.org/@sapphire/snowflake/-/snowflake-3.5.5.tgz 3028ms (cache miss)
112 http fetch GET 200 https://registry.npmjs.org/magic-bytes.js/-/magic-bytes.js-1.13.0.tgz 3393ms (cache miss)
113 http fetch GET 200 https://registry.npmjs.org/eslint 602ms (cache revalidated)
114 silly packumentCache corgi:https://registry.npmjs.org/eslint set size:1145130 disposed:false
115 http fetch GET 200 https://registry.npmjs.org/@eslint%2feslintrc 762ms (cache revalidated)
116 silly packumentCache corgi:https://registry.npmjs.org/@eslint%2feslintrc set size:83205 disposed:false
117 silly packumentCache corgi:https://registry.npmjs.org/flat-cache cache-miss
118 http fetch GET 200 https://registry.npmjs.org/flat-cache 590ms (cache updated)
119 silly packumentCache corgi:https://registry.npmjs.org/flat-cache set size:undefined disposed:false
120 http fetch GET 200 https://registry.npmjs.org/@discordjs/rest/-/rest-2.6.1.tgz 4666ms (cache miss)
121 silly packumentCache corgi:https://registry.npmjs.org/@eslint%2fconfig-array cache-miss
122 http fetch GET 200 https://registry.npmjs.org/@discordjs/builders/-/builders-1.14.1.tgz 4971ms (cache miss)
123 http fetch GET 200 https://registry.npmjs.org/@eslint%2fconfig-array 659ms (cache revalidated)
124 silly packumentCache corgi:https://registry.npmjs.org/@eslint%2fconfig-array set size:17196 disposed:false
125 http fetch GET 200 https://registry.npmjs.org/undici/-/undici-6.24.1.tgz 9670ms (cache miss)
126 http fetch GET 200 https://registry.npmjs.org/lodash/-/lodash-4.17.23.tgz 13746ms (cache miss)
127 http fetch GET 200 https://registry.npmjs.org/discord.js/-/discord.js-14.26.0.tgz 14899ms (cache miss)
128 http fetch GET 200 https://registry.npmjs.org/discord-api-types/-/discord-api-types-0.38.43.tgz 20314ms (cache miss)
129 silly CHANGE node_modules/undici
130 silly CHANGE node_modules/magic-bytes.js
131 silly CHANGE node_modules/lodash
132 silly CHANGE node_modules/discord.js
133 silly CHANGE node_modules/discord-api-types
134 silly CHANGE node_modules/@discordjs/rest
135 silly ADD node_modules/@discordjs/rest/node_modules/@sapphire/snowflake
136 silly CHANGE node_modules/@discordjs/builders
137 verbose cwd /home/container
138 verbose os Linux 6.12.48+deb13-amd64
139 verbose node v22.22.1
140 verbose npm  v11.12.0
141 notice
141 notice New [36mpatch[39m version of npm available! [36m11.12.0[39m -> [34m11.12.1[39m
141 notice Changelog: [34mhttps://github.com/npm/cli/releases/tag/v11.12.1[39m
141 notice To update run: [4mnpm install -g npm@11.12.1[24m
141 notice  { force: true, [Symbol(proc-log.meta)]: true }
142 verbose exit 0
143 info ok
